<?xml version="1.0" encoding="UTF-8"?>
<!-- Generated by org.testng.reporters.JUnitReportReporter -->
<testsuite skipped="0" hostname="DESKTOP-DILMQ2K" name="extentReportDemos.E_extentLogwithScreenshot" tests="1" failures="0" timestamp="08 Jun 2019 10:02:27 GMT" time="13.086" errors="0">
  <testcase name="logWithScreenshot" time="13.086" classname="extentReportDemos.E_extentLogwithScreenshot"/>
</testsuite> <!-- extentReportDemos.E_extentLogwithScreenshot -->
