<?xml version="1.0" encoding="UTF-8"?>
<!-- Generated by org.testng.reporters.JUnitReportReporter -->
<testsuite skipped="0" hostname="DESKTOP-DILMQ2K" name="commonCallForReport.callReportDefinition" tests="1" failures="0" timestamp="08 Jun 2019 08:31:27 GMT" time="1.280" errors="0">
  <testcase name="callReport" time="1.280" classname="commonCallForReport.callReportDefinition"/>
</testsuite> <!-- commonCallForReport.callReportDefinition -->
